<?xml version="1.0" encoding="UTF-8"?>
<!-- Generated by org.testng.reporters.JUnitXMLReporter -->
<testsuite hostname="DESKTOP-A7957JT" name="Default test" tests="7" failures="0" timestamp="7 Aug 2020 10:32:59 GMT" time="6.3" errors="0">
  <testcase name="running_Api" time="0.448" classname="RestApiAssignment.RestApiAssignment.Doggie"/>
  <testcase name="sending_get_http_request" time="3.349" classname="RestApiAssignment.RestApiAssignment.Doggie"/>
  <testcase name="sending_get_http_request_all" time="0.981" classname="RestApiAssignment.RestApiAssignment.Doggie"/>
  <testcase name="sending_get_http_request_bulldog" time="1.0" classname="RestApiAssignment.RestApiAssignment.Doggie"/>
  <testcase name="success_message_must_be_retured" time="0.475" classname="RestApiAssignment.RestApiAssignment.Doggie"/>
  <testcase name="success_message_must_be_retured_with_status" time="0.013" classname="RestApiAssignment.RestApiAssignment.Doggie"/>
  <testcase name="success_message_must_be_retured_with_status_code" time="0.016" classname="RestApiAssignment.RestApiAssignment.Doggie"/>
</testsuite> <!-- Default test -->
